<?xml version="1.0" encoding="UTF-8"?>
<testsuite xmlns:xsi="http://www.w3.org/2001/XMLSchema-instance" xsi:noNamespaceSchemaLocation="https://maven.apache.org/surefire/maven-surefire-plugin/xsd/surefire-test-report-3.0.xsd" version="3.0" name="org.example.LeftPadUtilsTest" time="0.104" tests="10" errors="0" skipped="0" failures="0">
  <properties>
[...]
</properties>
  <testcase name="testPadWithPartialPadding" classname="org.example.LeftPadUtilsTest" time="0.035"/>
  <testcase name="testPadWithNullPadStr" classname="org.example.LeftPadUtilsTest" time="0.002"/>
  <testcase name="testNoPaddingNeeded" classname="org.example.LeftPadUtilsTest" time="0.003"/>
  <testcase name="testEmptyString" classname="org.example.LeftPadUtilsTest" time="0.004"/>
  <testcase name="testNullString" classname="org.example.LeftPadUtilsTest" time="0.0"/>
  <testcase name="testPadWithEmptyPadStr" classname="org.example.LeftPadUtilsTest" time="0.0"/>
  <testcase name="testZeroSize" classname="org.example.LeftPadUtilsTest" time="0.0"/>
  <testcase name="testNegativeSize" classname="org.example.LeftPadUtilsTest" time="0.0"/>
  <testcase name="testPadWithExactPadding" classname="org.example.LeftPadUtilsTest" time="0.0"/>
  <testcase name="testPadWithRepeatedPadding" classname="org.example.LeftPadUtilsTest" time="0.0"/>
</testsuite>