<?xml version="1.0" encoding="UTF-8"?>
<testsuite xmlns:xsi="http://www.w3.org/2001/XMLSchema-instance" xsi:noNamespaceSchemaLocation="https://maven.apache.org/surefire/maven-surefire-plugin/xsd/surefire-test-report-3.0.xsd" version="3.0" name="org.example.NumberUtilsTest" time="0.081" tests="17" errors="0" skipped="0" failures="0">
  <properties>
[...]
</properties>
  <testcase name="testEmptyInputLeft" classname="org.example.NumberUtilsTest" time="0.006"/>
  <testcase name="testEmptyInputRight" classname="org.example.NumberUtilsTest" time="0.0"/>
  <testcase name="testLeadingZeroRemoval" classname="org.example.NumberUtilsTest" time="0.0"/>
  <testcase name="testNullInputRight" classname="org.example.NumberUtilsTest" time="0.0"/>
  <testcase name="testLeftDigitNegative" classname="org.example.NumberUtilsTest" time="0.0"/>
  <testcase name="testExplicitZeroWithEmpty" classname="org.example.NumberUtilsTest" time="0.0"/>
  <testcase name="testRightDigitNegative" classname="org.example.NumberUtilsTest" time="0.0"/>
  <testcase name="testCarryCondition" classname="org.example.NumberUtilsTest" time="0.0"/>
  <testcase name="testInvalidInputLeft" classname="org.example.NumberUtilsTest" time="0.0"/>
  <testcase name="testAllValidDigits" classname="org.example.NumberUtilsTest" time="0.0"/>
  <testcase name="testInvalidDigitInInputs" classname="org.example.NumberUtilsTest" time="0.0"/>
  <testcase name="testNullInputBoth" classname="org.example.NumberUtilsTest" time="0.0"/>
  <testcase name="testNullInputLeft" classname="org.example.NumberUtilsTest" time="0.001"/>
  <testcase name="testInvalidInputRight" classname="org.example.NumberUtilsTest" time="0.0"/>
  <testcase name="testLeftDigitTooLarge" classname="org.example.NumberUtilsTest" time="0.0"/>
  <testcase name="testValidInputs" classname="org.example.NumberUtilsTest" time="0.0"/>
  <testcase name="testRightDigitTooLarge" classname="org.example.NumberUtilsTest" time="0.0"/>
</testsuite>